<?xml version="1.0" encoding="UTF-8"?>
<!-- Generated by org.testng.reporters.JUnitReportReporter -->
<testsuite hostname="DESKTOP-QVM6J4J" failures="0" tests="2" name="Com.LoginTest.Test_001" time="43.562" errors="0" timestamp="2022-07-04T07:38:11 IST" skipped="0">
  <testcase classname="Com.LoginTest.Test_001" name="verifyLoginpage" time="5.481"/>
  <system-out/>
  <testcase classname="Com.LoginTest.Test_001" name="verifyLoginpage" time="38.081"/>
  <system-out/>
</testsuite> <!-- Com.LoginTest.Test_001 -->
